<?xml version="1.0" encoding="UTF-8"?>
<!-- Generated by org.testng.reporters.JUnitReportReporter -->
<testsuite skipped="0" hostname="DESKTOP-510HE6J" name="com.tehnomanija.qa.tests.HomePageTests" tests="1" failures="0" timestamp="08 Nov 2018 16:09:42 GMT" time="29.503" errors="0">
  <testcase name="VerifyIfUserIsLoggedIn" time="29.503" classname="com.tehnomanija.qa.tests.HomePageTests"/>
</testsuite> <!-- com.tehnomanija.qa.tests.HomePageTests -->
