<?xml version="1.0" encoding="UTF-8"?>
<!-- Generated by org.testng.reporters.JUnitReportReporter -->
<testsuite skipped="0" hostname="DESKTOP-510HE6J" name="com.tehnomanija.qa.tests.HomePageTests" tests="1" failures="0" timestamp="09 Dec 2018 13:41:56 GMT" time="10.228" errors="0">
  <testcase name="VerifyIfUserIsLoggedIn" time="10.228" classname="com.tehnomanija.qa.tests.HomePageTests"/>
</testsuite> <!-- com.tehnomanija.qa.tests.HomePageTests -->
